2019.01.04 20:01:23
        log dir exist!
2019.01.04 20:01:23
        chat record dir create successfully!
2019.01.04 20:02:15
        log dir exist!
2019.01.04 20:02:15
        chat record dir exist!
2019.01.17 16:30:10
        log dir exist!
2019.01.17 16:30:10
        chat record dir exist!
2019.01.17 16:30:28
        log dir exist!
2019.01.17 16:30:28
        chat record dir exist!
2019.01.17 16:30:37
        ws://127.0.0.1:1234
        connect sussceessful
2019.01.17 16:30:40
        ws://127.0.0.1:1234
        connect sussceessful
2019.02.23 17:02:24
        log dir exist!
2019.02.23 17:02:24
        chat record dir exist!
2019.02.23 17:02:32
        ws://127.0.0.1:1234
        connect sussceessful
2019.02.23 17:02:36
        log dir exist!
2019.02.23 17:02:36
        chat record dir exist!
2019.02.23 17:02:38
        ws://127.0.0.1:1234
        connect sussceessful
2019.04.23 01:24:34
        log dir exist!
2019.04.23 01:24:34
        chat record dir exist!
2019.04.23 01:29:18
        log dir exist!
2019.04.23 01:29:18
        chat record dir exist!
2019.04.23 01:29:28
        ws://127.0.0.1:10025
        connect sussceessful
2019.05.08 20:31:26
        log dir exist!
2019.05.08 20:31:26
        chat record dir exist!
2019.05.08 20:31:56
        ws://127.0.0.1:1234
        connect sussceessful
2020.04.14 17:22:40
        log dir exist!
2020.04.14 17:22:40
        chat record dir exist!
2020.04.16 17:49:11
        log dir exist!
2020.04.16 17:49:11
        chat record dir exist!
2020.04.18 17:33:43
        log dir exist!
2020.04.18 17:33:43
        chat record dir exist!
2020.04.18 17:33:50
        connect failed!
please check the server whether is open ,or you can try again!
