2019.01.04 19:59:52
    log dir create successfully!
2019.01.04 19:59:52
    chat record dir create successfully!
2019.01.04 20:00:25
    log dir exist!
2019.01.04 20:00:25
    chat record dir exist!
2019.01.04 21:29:59
    log dir exist!
2019.01.04 21:29:59
    chat record dir exist!
2019.01.04 21:30:02
    start server!
2019.01.04 21:51:09
    stop server!
2019.01.17 16:30:04
    log dir exist!
2019.01.17 16:30:04
    chat record dir exist!
2019.01.17 16:30:20
    start server!
2019.01.17 16:30:37
    store message file open failed!
2019.01.17 16:30:37
    there is a new connection!
 clinet 1 is online!
2019.01.17 16:30:40
    store message file open failed!
2019.01.17 16:30:40
    there is a new connection!
 clinet 2 is online!
2019.01.17 16:30:49
    1---->2
2019.01.17 16:30:52
    2---->1
2019.01.17 16:30:56
    1---->2
2019.01.17 16:30:58
    2---->1
2019.01.17 16:31:22
    1---->2
2019.01.17 16:31:28
    2---->1
2019.01.17 16:31:35
    1---->2
2019.01.17 16:32:14
    clinet 2 is offline!
2019.01.17 16:32:14
    clinet 1 is offline!
2019.01.17 16:32:14
    stop server!
2019.02.23 17:02:19
    log dir exist!
2019.02.23 17:02:19
    chat record dir exist!
2019.02.23 17:02:29
    start server!
2019.02.23 17:02:32
    store message file open failed!
2019.02.23 17:02:32
    there is a new connection!
 clinet 1 is online!
2019.02.23 17:02:38
    store message file open failed!
2019.02.23 17:02:38
    there is a new connection!
 clinet 2 is online!
2019.02.23 17:02:53
    2---->1
2019.02.23 17:02:56
    1---->2
2019.02.23 17:03:05
    2---->1
2019.02.23 17:03:07
    1---->2
2019.02.23 17:03:18
    Group Chat message
2019.02.23 17:03:21
    Group Chat message
2019.02.23 17:04:01
    2---->1
2019.02.23 17:04:03
    1---->2
2019.04.23 01:23:48
    log dir exist!
2019.04.23 01:23:48
    chat record dir exist!
2019.04.23 01:23:57
    start server!
2019.04.23 01:24:05
    stop server!
2019.04.23 01:24:16
    start server!
2019.04.23 01:28:44
    log dir exist!
2019.04.23 01:28:44
    chat record dir exist!
2019.04.23 01:28:52
    start server!
2019.04.23 01:29:28
    store message file open failed!
2019.04.23 01:29:28
    there is a new connection!
 clinet 1 is online!
2019.04.23 01:30:07
    clinet 1 is offline!
2019.04.23 01:30:07
    stop server!
2019.05.08 20:31:18
    log dir exist!
2019.05.08 20:31:18
    chat record dir exist!
2019.05.08 20:31:53
    start server!
2019.05.08 20:31:56
    store message file open failed!
2019.05.08 20:31:56
    there is a new connection!
 clinet 1 is online!
2020.04.14 17:23:27
    log dir exist!
2020.04.14 17:23:27
    chat record dir exist!
